Traceback (most recent call last):
  File "D:\Port Scanner\cybersuite-backend\.venv312\Lib\site-packages\pydantic_settings\sources.py", line 552, in __call__
    field_value = self.prepare_field_value(field_name, field, field_value, value_is_complex)
                  ^^^^^^^^^^^^^^^^^^^^^^^^^^^^^^^^^^^^^^^^^^^^^^^^^^^^^^^^^^^^^^^^^^^^^^^^^^
  File "D:\Port Scanner\cybersuite-backend\.venv312\Lib\site-packages\pydantic_settings\sources.py", line 764, in prepare_field_value
    raise e
  File "D:\Port Scanner\cybersuite-backend\.venv312\Lib\site-packages\pydantic_settings\sources.py", line 761, in prepare_field_value
    value = self.decode_complex_value(field_name, field, value)
            ^^^^^^^^^^^^^^^^^^^^^^^^^^^^^^^^^^^^^^^^^^^^^^^^^^^
  File "D:\Port Scanner\cybersuite-backend\.venv312\Lib\site-packages\pydantic_settings\sources.py", line 312, in decode_complex_value
    return json.loads(value)
           ^^^^^^^^^^^^^^^^^
  File "C:\Users\dev65\AppData\Local\Python\pythoncore-3.12-64\Lib\json\__init__.py", line 346, in loads
    return _default_decoder.decode(s)
           ^^^^^^^^^^^^^^^^^^^^^^^^^^
  File "C:\Users\dev65\AppData\Local\Python\pythoncore-3.12-64\Lib\json\decoder.py", line 338, in decode
    obj, end = self.raw_decode(s, idx=_w(s, 0).end())
               ^^^^^^^^^^^^^^^^^^^^^^^^^^^^^^^^^^^^^^
  File "C:\Users\dev65\AppData\Local\Python\pythoncore-3.12-64\Lib\json\decoder.py", line 356, in raw_decode
    raise JSONDecodeError("Expecting value", s, err.value) from None
json.decoder.JSONDecodeError: Expecting value: line 1 column 1 (char 0)

The above exception was the direct cause of the following exception:

Traceback (most recent call last):
  File "<frozen runpy>", line 198, in _run_module_as_main
  File "<frozen runpy>", line 88, in _run_code
  File "D:\Port Scanner\cybersuite-backend\.venv312\Lib\site-packages\uvicorn\__main__.py", line 4, in <module>
    uvicorn.main()
  File "D:\Port Scanner\cybersuite-backend\.venv312\Lib\site-packages\click\core.py", line 1485, in __call__
    return self.main(*args, **kwargs)
           ^^^^^^^^^^^^^^^^^^^^^^^^^^
  File "D:\Port Scanner\cybersuite-backend\.venv312\Lib\site-packages\click\core.py", line 1406, in main
    rv = self.invoke(ctx)
         ^^^^^^^^^^^^^^^^
  File "D:\Port Scanner\cybersuite-backend\.venv312\Lib\site-packages\click\core.py", line 1269, in invoke
    return ctx.invoke(self.callback, **ctx.params)
           ^^^^^^^^^^^^^^^^^^^^^^^^^^^^^^^^^^^^^^^
  File "D:\Port Scanner\cybersuite-backend\.venv312\Lib\site-packages\click\core.py", line 824, in invoke
    return callback(*args, **kwargs)
           ^^^^^^^^^^^^^^^^^^^^^^^^^
  File "D:\Port Scanner\cybersuite-backend\.venv312\Lib\site-packages\uvicorn\main.py", line 412, in main
    run(
  File "D:\Port Scanner\cybersuite-backend\.venv312\Lib\site-packages\uvicorn\main.py", line 579, in run
    server.run()
  File "D:\Port Scanner\cybersuite-backend\.venv312\Lib\site-packages\uvicorn\server.py", line 65, in run
    return asyncio.run(self.serve(sockets=sockets))
           ^^^^^^^^^^^^^^^^^^^^^^^^^^^^^^^^^^^^^^^^
  File "C:\Users\dev65\AppData\Local\Python\pythoncore-3.12-64\Lib\asyncio\runners.py", line 195, in run
    return runner.run(main)
           ^^^^^^^^^^^^^^^^
  File "C:\Users\dev65\AppData\Local\Python\pythoncore-3.12-64\Lib\asyncio\runners.py", line 118, in run
    return self._loop.run_until_complete(task)
           ^^^^^^^^^^^^^^^^^^^^^^^^^^^^^^^^^^^
  File "C:\Users\dev65\AppData\Local\Python\pythoncore-3.12-64\Lib\asyncio\base_events.py", line 691, in run_until_complete
    return future.result()
           ^^^^^^^^^^^^^^^
  File "D:\Port Scanner\cybersuite-backend\.venv312\Lib\site-packages\uvicorn\server.py", line 69, in serve
    await self._serve(sockets)
  File "D:\Port Scanner\cybersuite-backend\.venv312\Lib\site-packages\uvicorn\server.py", line 76, in _serve
    config.load()
  File "D:\Port Scanner\cybersuite-backend\.venv312\Lib\site-packages\uvicorn\config.py", line 434, in load
    self.loaded_app = import_from_string(self.app)
                      ^^^^^^^^^^^^^^^^^^^^^^^^^^^^
  File "D:\Port Scanner\cybersuite-backend\.venv312\Lib\site-packages\uvicorn\importer.py", line 19, in import_from_string
    module = importlib.import_module(module_str)
             ^^^^^^^^^^^^^^^^^^^^^^^^^^^^^^^^^^^
  File "C:\Users\dev65\AppData\Local\Python\pythoncore-3.12-64\Lib\importlib\__init__.py", line 90, in import_module
    return _bootstrap._gcd_import(name[level:], package, level)
           ^^^^^^^^^^^^^^^^^^^^^^^^^^^^^^^^^^^^^^^^^^^^^^^^^^^^
  File "<frozen importlib._bootstrap>", line 1387, in _gcd_import
  File "<frozen importlib._bootstrap>", line 1360, in _find_and_load
  File "<frozen importlib._bootstrap>", line 1331, in _find_and_load_unlocked
  File "<frozen importlib._bootstrap>", line 935, in _load_unlocked
  File "<frozen importlib._bootstrap_external>", line 999, in exec_module
  File "<frozen importlib._bootstrap>", line 488, in _call_with_frames_removed
  File "D:\Port Scanner\cybersuite-backend\app\main.py", line 3, in <module>
    from app.core.config import settings
  File "D:\Port Scanner\cybersuite-backend\app\core\config.py", line 37, in <module>
    settings = Settings()
               ^^^^^^^^^^
  File "D:\Port Scanner\cybersuite-backend\.venv312\Lib\site-packages\pydantic_settings\main.py", line 168, in __init__
    **__pydantic_self__._settings_build_values(
      ^^^^^^^^^^^^^^^^^^^^^^^^^^^^^^^^^^^^^^^^^
  File "D:\Port Scanner\cybersuite-backend\.venv312\Lib\site-packages\pydantic_settings\main.py", line 386, in _settings_build_values
    source_state = source()
                   ^^^^^^^^
  File "D:\Port Scanner\cybersuite-backend\.venv312\Lib\site-packages\pydantic_settings\sources.py", line 981, in __call__
    data: dict[str, Any] = super().__call__()
                           ^^^^^^^^^^^^^^^^^^
  File "D:\Port Scanner\cybersuite-backend\.venv312\Lib\site-packages\pydantic_settings\sources.py", line 554, in __call__
    raise SettingsError(
pydantic_settings.sources.SettingsError: error parsing value for field "ALLOWED_ORIGINS" from source "DotEnvSettingsSource"
